[main] Building folder: STM32F401Nucleo-VL6180X 
[build] Starting build
[proc] Executing command: c:\Users\Jakub\AppData\Roaming\Code\User\globalStorage\ms-vscode.vscode-embedded-tools\vcpkg\root\downloads\artifacts\vcpkg-ce-default\tools.kitware.cmake\3.20.1\bin\cmake.EXE --build C:/Users/Jakub/Documents/vsc/STM32F401Nucleo-VL6180X/build/debug/build
[build] [1/37] Building C object CMakeFiles/STM32F401Nucleo-VL6180X.dir/Core/Src/syscalls.c.obj
[build] FAILED: CMakeFiles/STM32F401Nucleo-VL6180X.dir/Core/Src/syscalls.c.obj 
[build] C:\ST\STM32CubeIDE_1.11.2\STM32CubeIDE\plugins\com.st.stm32cube.ide.mcu.externaltools.gnu-tools-for-stm32.10.3-2021.10.win32_1.0.100.202210260954\tools\bin\arm-none-eabi-gcc.exe -fdata-sections -ffunction-sections --specs=nano.specs -Wl,--gc-sections -D" -D) -DDEBUG -DSTM32F401xE -DTRACE_UART=1 -DUSE_HAL_DRIVER -DVL53L0A1_HAVE_UART=1 -DVL53L0X_LOG_ENABLE -DXNUCLEO53L0A1_TRACE=1 -D__packed=\"__attribute__((__packed__))\" -D__weak=\"__attribute__ -D__weak=\"__attribute__((weak))\" -Dweak -I../../../Core/Inc -I../../../Dependencies -I../../../Drivers/STM32F4xx_HAL_Driver/Inc -I../../../Drivers/STM32F4xx_HAL_Driver/Inc/Legacy -I../../../Drivers/CMSIS/Device/ST/STM32F4xx/Include -I../../../Drivers/CMSIS/Include -I../../../Drivers/BSP/X-NUCLEO-53L0A1 -I../../../Drivers/BSP/vl53l0x -g -g3 -mcpu=cortex-m4 -mfpu=fpv4-sp-d16 -mfloat-abi=hard -MD -MT CMakeFiles/STM32F401Nucleo-VL6180X.dir/Core/Src/syscalls.c.obj -MF CMakeFiles\STM32F401Nucleo-VL6180X.dir\Core\Src\syscalls.c.obj.d -o CMakeFiles/STM32F401Nucleo-VL6180X.dir/Core/Src/syscalls.c.obj -c ../../../Core/Src/syscalls.c
[build] c:\st\stm32cubeide_1.11.2\stm32cubeide\plugins\com.st.stm32cube.ide.mcu.externaltools.gnu-tools-for-stm32.10.3-2021.10.win32_1.0.100.202210260954\tools\arm-none-eabi\bin\ld.exe: c:/st/stm32cubeide_1.11.2/stm32cubeide/plugins/com.st.stm32cube.ide.mcu.externaltools.gnu-tools-for-stm32.10.3-2021.10.win32_1.0.100.202210260954/tools/bin/../lib/gcc/arm-none-eabi/10.3.1/../../../../arm-none-eabi/lib\libc_nano.a(lib_a-exit.o): in function `exit':
[build] exit.c:(.text.exit+0x34): undefined reference to `_exit'
[build] c:\st\stm32cubeide_1.11.2\stm32cubeide\plugins\com.st.stm32cube.ide.mcu.externaltools.gnu-tools-for-stm32.10.3-2021.10.win32_1.0.100.202210260954\tools\arm-none-eabi\bin\ld.exe: c:/st/stm32cubeide_1.11.2/stm32cubeide/plugins/com.st.stm32cube.ide.mcu.externaltools.gnu-tools-for-stm32.10.3-2021.10.win32_1.0.100.202210260954/tools/bin/../lib/gcc/arm-none-eabi/10.3.1/../../../../arm-none-eabi/lib/crt0.o: in function `_mainCRTStartup':
[build] (.text+0x110): undefined reference to `main'
[build] collect2.exe: error: ld returned 1 exit status
[build] [2/37] Building C object CMakeFiles/STM32F401Nucleo-VL6180X.dir/Core/Src/stm32f4xx_hal_msp.c.obj
[build] FAILED: CMakeFiles/STM32F401Nucleo-VL6180X.dir/Core/Src/stm32f4xx_hal_msp.c.obj 
[build] C:\ST\STM32CubeIDE_1.11.2\STM32CubeIDE\plugins\com.st.stm32cube.ide.mcu.externaltools.gnu-tools-for-stm32.10.3-2021.10.win32_1.0.100.202210260954\tools\bin\arm-none-eabi-gcc.exe -fdata-sections -ffunction-sections --specs=nano.specs -Wl,--gc-sections -D" -D) -DDEBUG -DSTM32F401xE -DTRACE_UART=1 -DUSE_HAL_DRIVER -DVL53L0A1_HAVE_UART=1 -DVL53L0X_LOG_ENABLE -DXNUCLEO53L0A1_TRACE=1 -D__packed=\"__attribute__((__packed__))\" -D__weak=\"__attribute__ -D__weak=\"__attribute__((weak))\" -Dweak -I../../../Core/Inc -I../../../Dependencies -I../../../Drivers/STM32F4xx_HAL_Driver/Inc -I../../../Drivers/STM32F4xx_HAL_Driver/Inc/Legacy -I../../../Drivers/CMSIS/Device/ST/STM32F4xx/Include -I../../../Drivers/CMSIS/Include -I../../../Drivers/BSP/X-NUCLEO-53L0A1 -I../../../Drivers/BSP/vl53l0x -g -g3 -mcpu=cortex-m4 -mfpu=fpv4-sp-d16 -mfloat-abi=hard -MD -MT CMakeFiles/STM32F401Nucleo-VL6180X.dir/Core/Src/stm32f4xx_hal_msp.c.obj -MF CMakeFiles\STM32F401Nucleo-VL6180X.dir\Core\Src\stm32f4xx_hal_msp.c.obj.d -o CMakeFiles/STM32F401Nucleo-VL6180X.dir/Core/Src/stm32f4xx_hal_msp.c.obj -c ../../../Core/Src/stm32f4xx_hal_msp.c
[build] c:\st\stm32cubeide_1.11.2\stm32cubeide\plugins\com.st.stm32cube.ide.mcu.externaltools.gnu-tools-for-stm32.10.3-2021.10.win32_1.0.100.202210260954\tools\arm-none-eabi\bin\ld.exe: c:/st/stm32cubeide_1.11.2/stm32cubeide/plugins/com.st.stm32cube.ide.mcu.externaltools.gnu-tools-for-stm32.10.3-2021.10.win32_1.0.100.202210260954/tools/bin/../lib/gcc/arm-none-eabi/10.3.1/../../../../arm-none-eabi/lib\libc_nano.a(lib_a-exit.o): in function `exit':
[build] exit.c:(.text.exit+0x34): undefined reference to `_exit'
[build] c:\st\stm32cubeide_1.11.2\stm32cubeide\plugins\com.st.stm32cube.ide.mcu.externaltools.gnu-tools-for-stm32.10.3-2021.10.win32_1.0.100.202210260954\tools\arm-none-eabi\bin\ld.exe: c:/st/stm32cubeide_1.11.2/stm32cubeide/plugins/com.st.stm32cube.ide.mcu.externaltools.gnu-tools-for-stm32.10.3-2021.10.win32_1.0.100.202210260954/tools/bin/../lib/gcc/arm-none-eabi/10.3.1/../../../../arm-none-eabi/lib/crt0.o: in function `_mainCRTStartup':
[build] (.text+0x110): undefined reference to `main'
[build] collect2.exe: error: ld returned 1 exit status
[build] [3/37] Building C object CMakeFiles/STM32F401Nucleo-VL6180X.dir/Core/Src/sysmem.c.obj
[build] FAILED: CMakeFiles/STM32F401Nucleo-VL6180X.dir/Core/Src/sysmem.c.obj 
[build] C:\ST\STM32CubeIDE_1.11.2\STM32CubeIDE\plugins\com.st.stm32cube.ide.mcu.externaltools.gnu-tools-for-stm32.10.3-2021.10.win32_1.0.100.202210260954\tools\bin\arm-none-eabi-gcc.exe -fdata-sections -ffunction-sections --specs=nano.specs -Wl,--gc-sections -D" -D) -DDEBUG -DSTM32F401xE -DTRACE_UART=1 -DUSE_HAL_DRIVER -DVL53L0A1_HAVE_UART=1 -DVL53L0X_LOG_ENABLE -DXNUCLEO53L0A1_TRACE=1 -D__packed=\"__attribute__((__packed__))\" -D__weak=\"__attribute__ -D__weak=\"__attribute__((weak))\" -Dweak -I../../../Core/Inc -I../../../Dependencies -I../../../Drivers/STM32F4xx_HAL_Driver/Inc -I../../../Drivers/STM32F4xx_HAL_Driver/Inc/Legacy -I../../../Drivers/CMSIS/Device/ST/STM32F4xx/Include -I../../../Drivers/CMSIS/Include -I../../../Drivers/BSP/X-NUCLEO-53L0A1 -I../../../Drivers/BSP/vl53l0x -g -g3 -mcpu=cortex-m4 -mfpu=fpv4-sp-d16 -mfloat-abi=hard -MD -MT CMakeFiles/STM32F401Nucleo-VL6180X.dir/Core/Src/sysmem.c.obj -MF CMakeFiles\STM32F401Nucleo-VL6180X.dir\Core\Src\sysmem.c.obj.d -o CMakeFiles/STM32F401Nucleo-VL6180X.dir/Core/Src/sysmem.c.obj -c ../../../Core/Src/sysmem.c
[build] c:\st\stm32cubeide_1.11.2\stm32cubeide\plugins\com.st.stm32cube.ide.mcu.externaltools.gnu-tools-for-stm32.10.3-2021.10.win32_1.0.100.202210260954\tools\arm-none-eabi\bin\ld.exe: c:/st/stm32cubeide_1.11.2/stm32cubeide/plugins/com.st.stm32cube.ide.mcu.externaltools.gnu-tools-for-stm32.10.3-2021.10.win32_1.0.100.202210260954/tools/bin/../lib/gcc/arm-none-eabi/10.3.1/../../../../arm-none-eabi/lib\libc_nano.a(lib_a-exit.o): in function `exit':
[build] exit.c:(.text.exit+0x34): undefined reference to `_exit'
[build] c:\st\stm32cubeide_1.11.2\stm32cubeide\plugins\com.st.stm32cube.ide.mcu.externaltools.gnu-tools-for-stm32.10.3-2021.10.win32_1.0.100.202210260954\tools\arm-none-eabi\bin\ld.exe: c:/st/stm32cubeide_1.11.2/stm32cubeide/plugins/com.st.stm32cube.ide.mcu.externaltools.gnu-tools-for-stm32.10.3-2021.10.win32_1.0.100.202210260954/tools/bin/../lib/gcc/arm-none-eabi/10.3.1/../../../../arm-none-eabi/lib/crt0.o: in function `_mainCRTStartup':
[build] (.text+0x110): undefined reference to `main'
[build] collect2.exe: error: ld returned 1 exit status
[build] [4/37] Building C object CMakeFiles/STM32F401Nucleo-VL6180X.dir/Core/Src/main.c.obj
[build] FAILED: CMakeFiles/STM32F401Nucleo-VL6180X.dir/Core/Src/main.c.obj 
[build] C:\ST\STM32CubeIDE_1.11.2\STM32CubeIDE\plugins\com.st.stm32cube.ide.mcu.externaltools.gnu-tools-for-stm32.10.3-2021.10.win32_1.0.100.202210260954\tools\bin\arm-none-eabi-gcc.exe -fdata-sections -ffunction-sections --specs=nano.specs -Wl,--gc-sections -D" -D) -DDEBUG -DSTM32F401xE -DTRACE_UART=1 -DUSE_HAL_DRIVER -DVL53L0A1_HAVE_UART=1 -DVL53L0X_LOG_ENABLE -DXNUCLEO53L0A1_TRACE=1 -D__packed=\"__attribute__((__packed__))\" -D__weak=\"__attribute__ -D__weak=\"__attribute__((weak))\" -Dweak -I../../../Core/Inc -I../../../Dependencies -I../../../Drivers/STM32F4xx_HAL_Driver/Inc -I../../../Drivers/STM32F4xx_HAL_Driver/Inc/Legacy -I../../../Drivers/CMSIS/Device/ST/STM32F4xx/Include -I../../../Drivers/CMSIS/Include -I../../../Drivers/BSP/X-NUCLEO-53L0A1 -I../../../Drivers/BSP/vl53l0x -g -g3 -mcpu=cortex-m4 -mfpu=fpv4-sp-d16 -mfloat-abi=hard -MD -MT CMakeFiles/STM32F401Nucleo-VL6180X.dir/Core/Src/main.c.obj -MF CMakeFiles\STM32F401Nucleo-VL6180X.dir\Core\Src\main.c.obj.d -o CMakeFiles/STM32F401Nucleo-VL6180X.dir/Core/Src/main.c.obj -c ../../../Core/Src/main.c
[build] c:\st\stm32cubeide_1.11.2\stm32cubeide\plugins\com.st.stm32cube.ide.mcu.externaltools.gnu-tools-for-stm32.10.3-2021.10.win32_1.0.100.202210260954\tools\arm-none-eabi\bin\ld.exe: c:/st/stm32cubeide_1.11.2/stm32cubeide/plugins/com.st.stm32cube.ide.mcu.externaltools.gnu-tools-for-stm32.10.3-2021.10.win32_1.0.100.202210260954/tools/bin/../lib/gcc/arm-none-eabi/10.3.1/../../../../arm-none-eabi/lib\libc_nano.a(lib_a-exit.o): in function `exit':
[build] exit.c:(.text.exit+0x34): undefined reference to `_exit'
[build] c:\st\stm32cubeide_1.11.2\stm32cubeide\plugins\com.st.stm32cube.ide.mcu.externaltools.gnu-tools-for-stm32.10.3-2021.10.win32_1.0.100.202210260954\tools\arm-none-eabi\bin\ld.exe: c:/st/stm32cubeide_1.11.2/stm32cubeide/plugins/com.st.stm32cube.ide.mcu.externaltools.gnu-tools-for-stm32.10.3-2021.10.win32_1.0.100.202210260954/tools/bin/../lib/gcc/arm-none-eabi/10.3.1/../../../../arm-none-eabi/lib/crt0.o: in function `_mainCRTStartup':
[build] (.text+0x110): undefined reference to `main'
[build] collect2.exe: error: ld returned 1 exit status
[build] [5/37] Building C object CMakeFiles/STM32F401Nucleo-VL6180X.dir/Core/Src/system_stm32f4xx.c.obj
[build] FAILED: CMakeFiles/STM32F401Nucleo-VL6180X.dir/Core/Src/system_stm32f4xx.c.obj 
[build] C:\ST\STM32CubeIDE_1.11.2\STM32CubeIDE\plugins\com.st.stm32cube.ide.mcu.externaltools.gnu-tools-for-stm32.10.3-2021.10.win32_1.0.100.202210260954\tools\bin\arm-none-eabi-gcc.exe -fdata-sections -ffunction-sections --specs=nano.specs -Wl,--gc-sections -D" -D) -DDEBUG -DSTM32F401xE -DTRACE_UART=1 -DUSE_HAL_DRIVER -DVL53L0A1_HAVE_UART=1 -DVL53L0X_LOG_ENABLE -DXNUCLEO53L0A1_TRACE=1 -D__packed=\"__attribute__((__packed__))\" -D__weak=\"__attribute__ -D__weak=\"__attribute__((weak))\" -Dweak -I../../../Core/Inc -I../../../Dependencies -I../../../Drivers/STM32F4xx_HAL_Driver/Inc -I../../../Drivers/STM32F4xx_HAL_Driver/Inc/Legacy -I../../../Drivers/CMSIS/Device/ST/STM32F4xx/Include -I../../../Drivers/CMSIS/Include -I../../../Drivers/BSP/X-NUCLEO-53L0A1 -I../../../Drivers/BSP/vl53l0x -g -g3 -mcpu=cortex-m4 -mfpu=fpv4-sp-d16 -mfloat-abi=hard -MD -MT CMakeFiles/STM32F401Nucleo-VL6180X.dir/Core/Src/system_stm32f4xx.c.obj -MF CMakeFiles\STM32F401Nucleo-VL6180X.dir\Core\Src\system_stm32f4xx.c.obj.d -o CMakeFiles/STM32F401Nucleo-VL6180X.dir/Core/Src/system_stm32f4xx.c.obj -c ../../../Core/Src/system_stm32f4xx.c
[build] c:\st\stm32cubeide_1.11.2\stm32cubeide\plugins\com.st.stm32cube.ide.mcu.externaltools.gnu-tools-for-stm32.10.3-2021.10.win32_1.0.100.202210260954\tools\arm-none-eabi\bin\ld.exe: c:/st/stm32cubeide_1.11.2/stm32cubeide/plugins/com.st.stm32cube.ide.mcu.externaltools.gnu-tools-for-stm32.10.3-2021.10.win32_1.0.100.202210260954/tools/bin/../lib/gcc/arm-none-eabi/10.3.1/../../../../arm-none-eabi/lib\libc_nano.a(lib_a-exit.o): in function `exit':
[build] exit.c:(.text.exit+0x34): undefined reference to `_exit'
[build] c:\st\stm32cubeide_1.11.2\stm32cubeide\plugins\com.st.stm32cube.ide.mcu.externaltools.gnu-tools-for-stm32.10.3-2021.10.win32_1.0.100.202210260954\tools\arm-none-eabi\bin\ld.exe: c:/st/stm32cubeide_1.11.2/stm32cubeide/plugins/com.st.stm32cube.ide.mcu.externaltools.gnu-tools-for-stm32.10.3-2021.10.win32_1.0.100.202210260954/tools/bin/../lib/gcc/arm-none-eabi/10.3.1/../../../../arm-none-eabi/lib/crt0.o: in function `_mainCRTStartup':
[build] (.text+0x110): undefined reference to `main'
[build] collect2.exe: error: ld returned 1 exit status
[build] [6/37] Building C object CMakeFiles/STM32F401Nucleo-VL6180X.dir/Core/Src/stm32f4xx_it.c.obj
[build] FAILED: CMakeFiles/STM32F401Nucleo-VL6180X.dir/Core/Src/stm32f4xx_it.c.obj 
[build] C:\ST\STM32CubeIDE_1.11.2\STM32CubeIDE\plugins\com.st.stm32cube.ide.mcu.externaltools.gnu-tools-for-stm32.10.3-2021.10.win32_1.0.100.202210260954\tools\bin\arm-none-eabi-gcc.exe -fdata-sections -ffunction-sections --specs=nano.specs -Wl,--gc-sections -D" -D) -DDEBUG -DSTM32F401xE -DTRACE_UART=1 -DUSE_HAL_DRIVER -DVL53L0A1_HAVE_UART=1 -DVL53L0X_LOG_ENABLE -DXNUCLEO53L0A1_TRACE=1 -D__packed=\"__attribute__((__packed__))\" -D__weak=\"__attribute__ -D__weak=\"__attribute__((weak))\" -Dweak -I../../../Core/Inc -I../../../Dependencies -I../../../Drivers/STM32F4xx_HAL_Driver/Inc -I../../../Drivers/STM32F4xx_HAL_Driver/Inc/Legacy -I../../../Drivers/CMSIS/Device/ST/STM32F4xx/Include -I../../../Drivers/CMSIS/Include -I../../../Drivers/BSP/X-NUCLEO-53L0A1 -I../../../Drivers/BSP/vl53l0x -g -g3 -mcpu=cortex-m4 -mfpu=fpv4-sp-d16 -mfloat-abi=hard -MD -MT CMakeFiles/STM32F401Nucleo-VL6180X.dir/Core/Src/stm32f4xx_it.c.obj -MF CMakeFiles\STM32F401Nucleo-VL6180X.dir\Core\Src\stm32f4xx_it.c.obj.d -o CMakeFiles/STM32F401Nucleo-VL6180X.dir/Core/Src/stm32f4xx_it.c.obj -c ../../../Core/Src/stm32f4xx_it.c
[build] c:\st\stm32cubeide_1.11.2\stm32cubeide\plugins\com.st.stm32cube.ide.mcu.externaltools.gnu-tools-for-stm32.10.3-2021.10.win32_1.0.100.202210260954\tools\arm-none-eabi\bin\ld.exe: c:/st/stm32cubeide_1.11.2/stm32cubeide/plugins/com.st.stm32cube.ide.mcu.externaltools.gnu-tools-for-stm32.10.3-2021.10.win32_1.0.100.202210260954/tools/bin/../lib/gcc/arm-none-eabi/10.3.1/../../../../arm-none-eabi/lib\libc_nano.a(lib_a-exit.o): in function `exit':
[build] exit.c:(.text.exit+0x34): undefined reference to `_exit'
[build] c:\st\stm32cubeide_1.11.2\stm32cubeide\plugins\com.st.stm32cube.ide.mcu.externaltools.gnu-tools-for-stm32.10.3-2021.10.win32_1.0.100.202210260954\tools\arm-none-eabi\bin\ld.exe: c:/st/stm32cubeide_1.11.2/stm32cubeide/plugins/com.st.stm32cube.ide.mcu.externaltools.gnu-tools-for-stm32.10.3-2021.10.win32_1.0.100.202210260954/tools/bin/../lib/gcc/arm-none-eabi/10.3.1/../../../../arm-none-eabi/lib/crt0.o: in function `_mainCRTStartup':
[build] (.text+0x110): undefined reference to `main'
[build] collect2.exe: error: ld returned 1 exit status
[build] [7/37] Building C object CMakeFiles/STM32F401Nucleo-VL6180X.dir/Drivers/BSP/vl53l0x/vl53l0x_api_ranging.c.obj
[build] FAILED: CMakeFiles/STM32F401Nucleo-VL6180X.dir/Drivers/BSP/vl53l0x/vl53l0x_api_ranging.c.obj 
[build] C:\ST\STM32CubeIDE_1.11.2\STM32CubeIDE\plugins\com.st.stm32cube.ide.mcu.externaltools.gnu-tools-for-stm32.10.3-2021.10.win32_1.0.100.202210260954\tools\bin\arm-none-eabi-gcc.exe -fdata-sections -ffunction-sections --specs=nano.specs -Wl,--gc-sections -D" -D) -DDEBUG -DSTM32F401xE -DTRACE_UART=1 -DUSE_HAL_DRIVER -DVL53L0A1_HAVE_UART=1 -DVL53L0X_LOG_ENABLE -DXNUCLEO53L0A1_TRACE=1 -D__packed=\"__attribute__((__packed__))\" -D__weak=\"__attribute__ -D__weak=\"__attribute__((weak))\" -Dweak -I../../../Core/Inc -I../../../Dependencies -I../../../Drivers/STM32F4xx_HAL_Driver/Inc -I../../../Drivers/STM32F4xx_HAL_Driver/Inc/Legacy -I../../../Drivers/CMSIS/Device/ST/STM32F4xx/Include -I../../../Drivers/CMSIS/Include -I../../../Drivers/BSP/X-NUCLEO-53L0A1 -I../../../Drivers/BSP/vl53l0x -g -g3 -mcpu=cortex-m4 -mfpu=fpv4-sp-d16 -mfloat-abi=hard -MD -MT CMakeFiles/STM32F401Nucleo-VL6180X.dir/Drivers/BSP/vl53l0x/vl53l0x_api_ranging.c.obj -MF CMakeFiles\STM32F401Nucleo-VL6180X.dir\Drivers\BSP\vl53l0x\vl53l0x_api_ranging.c.obj.d -o CMakeFiles/STM32F401Nucleo-VL6180X.dir/Drivers/BSP/vl53l0x/vl53l0x_api_ranging.c.obj -c ../../../Drivers/BSP/vl53l0x/vl53l0x_api_ranging.c
[build] c:\st\stm32cubeide_1.11.2\stm32cubeide\plugins\com.st.stm32cube.ide.mcu.externaltools.gnu-tools-for-stm32.10.3-2021.10.win32_1.0.100.202210260954\tools\arm-none-eabi\bin\ld.exe: c:/st/stm32cubeide_1.11.2/stm32cubeide/plugins/com.st.stm32cube.ide.mcu.externaltools.gnu-tools-for-stm32.10.3-2021.10.win32_1.0.100.202210260954/tools/bin/../lib/gcc/arm-none-eabi/10.3.1/../../../../arm-none-eabi/lib\libc_nano.a(lib_a-exit.o): in function `exit':
[build] exit.c:(.text.exit+0x34): undefined reference to `_exit'
[build] c:\st\stm32cubeide_1.11.2\stm32cubeide\plugins\com.st.stm32cube.ide.mcu.externaltools.gnu-tools-for-stm32.10.3-2021.10.win32_1.0.100.202210260954\tools\arm-none-eabi\bin\ld.exe: c:/st/stm32cubeide_1.11.2/stm32cubeide/plugins/com.st.stm32cube.ide.mcu.externaltools.gnu-tools-for-stm32.10.3-2021.10.win32_1.0.100.202210260954/tools/bin/../lib/gcc/arm-none-eabi/10.3.1/../../../../arm-none-eabi/lib/crt0.o: in function `_mainCRTStartup':
[build] (.text+0x110): undefined reference to `main'
[build] collect2.exe: error: ld returned 1 exit status
[build] [8/37] Building C object CMakeFiles/STM32F401Nucleo-VL6180X.dir/Drivers/BSP/vl53l0x/vl53l0x_api_core.c.obj
[build] FAILED: CMakeFiles/STM32F401Nucleo-VL6180X.dir/Drivers/BSP/vl53l0x/vl53l0x_api_core.c.obj 
[build] C:\ST\STM32CubeIDE_1.11.2\STM32CubeIDE\plugins\com.st.stm32cube.ide.mcu.externaltools.gnu-tools-for-stm32.10.3-2021.10.win32_1.0.100.202210260954\tools\bin\arm-none-eabi-gcc.exe -fdata-sections -ffunction-sections --specs=nano.specs -Wl,--gc-sections -D" -D) -DDEBUG -DSTM32F401xE -DTRACE_UART=1 -DUSE_HAL_DRIVER -DVL53L0A1_HAVE_UART=1 -DVL53L0X_LOG_ENABLE -DXNUCLEO53L0A1_TRACE=1 -D__packed=\"__attribute__((__packed__))\" -D__weak=\"__attribute__ -D__weak=\"__attribute__((weak))\" -Dweak -I../../../Core/Inc -I../../../Dependencies -I../../../Drivers/STM32F4xx_HAL_Driver/Inc -I../../../Drivers/STM32F4xx_HAL_Driver/Inc/Legacy -I../../../Drivers/CMSIS/Device/ST/STM32F4xx/Include -I../../../Drivers/CMSIS/Include -I../../../Drivers/BSP/X-NUCLEO-53L0A1 -I../../../Drivers/BSP/vl53l0x -g -g3 -mcpu=cortex-m4 -mfpu=fpv4-sp-d16 -mfloat-abi=hard -MD -MT CMakeFiles/STM32F401Nucleo-VL6180X.dir/Drivers/BSP/vl53l0x/vl53l0x_api_core.c.obj -MF CMakeFiles\STM32F401Nucleo-VL6180X.dir\Drivers\BSP\vl53l0x\vl53l0x_api_core.c.obj.d -o CMakeFiles/STM32F401Nucleo-VL6180X.dir/Drivers/BSP/vl53l0x/vl53l0x_api_core.c.obj -c ../../../Drivers/BSP/vl53l0x/vl53l0x_api_core.c
[build] c:\st\stm32cubeide_1.11.2\stm32cubeide\plugins\com.st.stm32cube.ide.mcu.externaltools.gnu-tools-for-stm32.10.3-2021.10.win32_1.0.100.202210260954\tools\arm-none-eabi\bin\ld.exe: c:/st/stm32cubeide_1.11.2/stm32cubeide/plugins/com.st.stm32cube.ide.mcu.externaltools.gnu-tools-for-stm32.10.3-2021.10.win32_1.0.100.202210260954/tools/bin/../lib/gcc/arm-none-eabi/10.3.1/../../../../arm-none-eabi/lib\libc_nano.a(lib_a-exit.o): in function `exit':
[build] exit.c:(.text.exit+0x34): undefined reference to `_exit'
[build] c:\st\stm32cubeide_1.11.2\stm32cubeide\plugins\com.st.stm32cube.ide.mcu.externaltools.gnu-tools-for-stm32.10.3-2021.10.win32_1.0.100.202210260954\tools\arm-none-eabi\bin\ld.exe: c:/st/stm32cubeide_1.11.2/stm32cubeide/plugins/com.st.stm32cube.ide.mcu.externaltools.gnu-tools-for-stm32.10.3-2021.10.win32_1.0.100.202210260954/tools/bin/../lib/gcc/arm-none-eabi/10.3.1/../../../../arm-none-eabi/lib/crt0.o: in function `_mainCRTStartup':
[build] (.text+0x110): undefined reference to `main'
[build] collect2.exe: error: ld returned 1 exit status
[build] [9/37] Building C object CMakeFiles/STM32F401Nucleo-VL6180X.dir/Drivers/BSP/vl53l0x/vl53l0x_api.c.obj
[build] FAILED: CMakeFiles/STM32F401Nucleo-VL6180X.dir/Drivers/BSP/vl53l0x/vl53l0x_api.c.obj 
[build] C:\ST\STM32CubeIDE_1.11.2\STM32CubeIDE\plugins\com.st.stm32cube.ide.mcu.externaltools.gnu-tools-for-stm32.10.3-2021.10.win32_1.0.100.202210260954\tools\bin\arm-none-eabi-gcc.exe -fdata-sections -ffunction-sections --specs=nano.specs -Wl,--gc-sections -D" -D) -DDEBUG -DSTM32F401xE -DTRACE_UART=1 -DUSE_HAL_DRIVER -DVL53L0A1_HAVE_UART=1 -DVL53L0X_LOG_ENABLE -DXNUCLEO53L0A1_TRACE=1 -D__packed=\"__attribute__((__packed__))\" -D__weak=\"__attribute__ -D__weak=\"__attribute__((weak))\" -Dweak -I../../../Core/Inc -I../../../Dependencies -I../../../Drivers/STM32F4xx_HAL_Driver/Inc -I../../../Drivers/STM32F4xx_HAL_Driver/Inc/Legacy -I../../../Drivers/CMSIS/Device/ST/STM32F4xx/Include -I../../../Drivers/CMSIS/Include -I../../../Drivers/BSP/X-NUCLEO-53L0A1 -I../../../Drivers/BSP/vl53l0x -g -g3 -mcpu=cortex-m4 -mfpu=fpv4-sp-d16 -mfloat-abi=hard -MD -MT CMakeFiles/STM32F401Nucleo-VL6180X.dir/Drivers/BSP/vl53l0x/vl53l0x_api.c.obj -MF CMakeFiles\STM32F401Nucleo-VL6180X.dir\Drivers\BSP\vl53l0x\vl53l0x_api.c.obj.d -o CMakeFiles/STM32F401Nucleo-VL6180X.dir/Drivers/BSP/vl53l0x/vl53l0x_api.c.obj -c ../../../Drivers/BSP/vl53l0x/vl53l0x_api.c
[build] c:\st\stm32cubeide_1.11.2\stm32cubeide\plugins\com.st.stm32cube.ide.mcu.externaltools.gnu-tools-for-stm32.10.3-2021.10.win32_1.0.100.202210260954\tools\arm-none-eabi\bin\ld.exe: c:/st/stm32cubeide_1.11.2/stm32cubeide/plugins/com.st.stm32cube.ide.mcu.externaltools.gnu-tools-for-stm32.10.3-2021.10.win32_1.0.100.202210260954/tools/bin/../lib/gcc/arm-none-eabi/10.3.1/../../../../arm-none-eabi/lib\libc_nano.a(lib_a-exit.o): in function `exit':
[build] exit.c:(.text.exit+0x34): undefined reference to `_exit'
[build] c:\st\stm32cubeide_1.11.2\stm32cubeide\plugins\com.st.stm32cube.ide.mcu.externaltools.gnu-tools-for-stm32.10.3-2021.10.win32_1.0.100.202210260954\tools\arm-none-eabi\bin\ld.exe: c:/st/stm32cubeide_1.11.2/stm32cubeide/plugins/com.st.stm32cube.ide.mcu.externaltools.gnu-tools-for-stm32.10.3-2021.10.win32_1.0.100.202210260954/tools/bin/../lib/gcc/arm-none-eabi/10.3.1/../../../../arm-none-eabi/lib/crt0.o: in function `_mainCRTStartup':
[build] (.text+0x110): undefined reference to `main'
[build] collect2.exe: error: ld returned 1 exit status
[build] [10/37] Building C object CMakeFiles/STM32F401Nucleo-VL6180X.dir/Drivers/BSP/vl53l0x/vl53l0x_api_calibration.c.obj
[build] FAILED: CMakeFiles/STM32F401Nucleo-VL6180X.dir/Drivers/BSP/vl53l0x/vl53l0x_api_calibration.c.obj 
[build] C:\ST\STM32CubeIDE_1.11.2\STM32CubeIDE\plugins\com.st.stm32cube.ide.mcu.externaltools.gnu-tools-for-stm32.10.3-2021.10.win32_1.0.100.202210260954\tools\bin\arm-none-eabi-gcc.exe -fdata-sections -ffunction-sections --specs=nano.specs -Wl,--gc-sections -D" -D) -DDEBUG -DSTM32F401xE -DTRACE_UART=1 -DUSE_HAL_DRIVER -DVL53L0A1_HAVE_UART=1 -DVL53L0X_LOG_ENABLE -DXNUCLEO53L0A1_TRACE=1 -D__packed=\"__attribute__((__packed__))\" -D__weak=\"__attribute__ -D__weak=\"__attribute__((weak))\" -Dweak -I../../../Core/Inc -I../../../Dependencies -I../../../Drivers/STM32F4xx_HAL_Driver/Inc -I../../../Drivers/STM32F4xx_HAL_Driver/Inc/Legacy -I../../../Drivers/CMSIS/Device/ST/STM32F4xx/Include -I../../../Drivers/CMSIS/Include -I../../../Drivers/BSP/X-NUCLEO-53L0A1 -I../../../Drivers/BSP/vl53l0x -g -g3 -mcpu=cortex-m4 -mfpu=fpv4-sp-d16 -mfloat-abi=hard -MD -MT CMakeFiles/STM32F401Nucleo-VL6180X.dir/Drivers/BSP/vl53l0x/vl53l0x_api_calibration.c.obj -MF CMakeFiles\STM32F401Nucleo-VL6180X.dir\Drivers\BSP\vl53l0x\vl53l0x_api_calibration.c.obj.d -o CMakeFiles/STM32F401Nucleo-VL6180X.dir/Drivers/BSP/vl53l0x/vl53l0x_api_calibration.c.obj -c ../../../Drivers/BSP/vl53l0x/vl53l0x_api_calibration.c
[build] c:\st\stm32cubeide_1.11.2\stm32cubeide\plugins\com.st.stm32cube.ide.mcu.externaltools.gnu-tools-for-stm32.10.3-2021.10.win32_1.0.100.202210260954\tools\arm-none-eabi\bin\ld.exe: c:/st/stm32cubeide_1.11.2/stm32cubeide/plugins/com.st.stm32cube.ide.mcu.externaltools.gnu-tools-for-stm32.10.3-2021.10.win32_1.0.100.202210260954/tools/bin/../lib/gcc/arm-none-eabi/10.3.1/../../../../arm-none-eabi/lib\libc_nano.a(lib_a-exit.o): in function `exit':
[build] exit.c:(.text.exit+0x34): undefined reference to `_exit'
[build] c:\st\stm32cubeide_1.11.2\stm32cubeide\plugins\com.st.stm32cube.ide.mcu.externaltools.gnu-tools-for-stm32.10.3-2021.10.win32_1.0.100.202210260954\tools\arm-none-eabi\bin\ld.exe: c:/st/stm32cubeide_1.11.2/stm32cubeide/plugins/com.st.stm32cube.ide.mcu.externaltools.gnu-tools-for-stm32.10.3-2021.10.win32_1.0.100.202210260954/tools/bin/../lib/gcc/arm-none-eabi/10.3.1/../../../../arm-none-eabi/lib/crt0.o: in function `_mainCRTStartup':
[build] (.text+0x110): undefined reference to `main'
[build] collect2.exe: error: ld returned 1 exit status
[build] [11/37] Building C object CMakeFiles/STM32F401Nucleo-VL6180X.dir/Drivers/BSP/vl53l0x/vl53l0x_api_strings.c.obj
[build] FAILED: CMakeFiles/STM32F401Nucleo-VL6180X.dir/Drivers/BSP/vl53l0x/vl53l0x_api_strings.c.obj 
[build] C:\ST\STM32CubeIDE_1.11.2\STM32CubeIDE\plugins\com.st.stm32cube.ide.mcu.externaltools.gnu-tools-for-stm32.10.3-2021.10.win32_1.0.100.202210260954\tools\bin\arm-none-eabi-gcc.exe -fdata-sections -ffunction-sections --specs=nano.specs -Wl,--gc-sections -D" -D) -DDEBUG -DSTM32F401xE -DTRACE_UART=1 -DUSE_HAL_DRIVER -DVL53L0A1_HAVE_UART=1 -DVL53L0X_LOG_ENABLE -DXNUCLEO53L0A1_TRACE=1 -D__packed=\"__attribute__((__packed__))\" -D__weak=\"__attribute__ -D__weak=\"__attribute__((weak))\" -Dweak -I../../../Core/Inc -I../../../Dependencies -I../../../Drivers/STM32F4xx_HAL_Driver/Inc -I../../../Drivers/STM32F4xx_HAL_Driver/Inc/Legacy -I../../../Drivers/CMSIS/Device/ST/STM32F4xx/Include -I../../../Drivers/CMSIS/Include -I../../../Drivers/BSP/X-NUCLEO-53L0A1 -I../../../Drivers/BSP/vl53l0x -g -g3 -mcpu=cortex-m4 -mfpu=fpv4-sp-d16 -mfloat-abi=hard -MD -MT CMakeFiles/STM32F401Nucleo-VL6180X.dir/Drivers/BSP/vl53l0x/vl53l0x_api_strings.c.obj -MF CMakeFiles\STM32F401Nucleo-VL6180X.dir\Drivers\BSP\vl53l0x\vl53l0x_api_strings.c.obj.d -o CMakeFiles/STM32F401Nucleo-VL6180X.dir/Drivers/BSP/vl53l0x/vl53l0x_api_strings.c.obj -c ../../../Drivers/BSP/vl53l0x/vl53l0x_api_strings.c
[build] c:\st\stm32cubeide_1.11.2\stm32cubeide\plugins\com.st.stm32cube.ide.mcu.externaltools.gnu-tools-for-stm32.10.3-2021.10.win32_1.0.100.202210260954\tools\arm-none-eabi\bin\ld.exe: c:/st/stm32cubeide_1.11.2/stm32cubeide/plugins/com.st.stm32cube.ide.mcu.externaltools.gnu-tools-for-stm32.10.3-2021.10.win32_1.0.100.202210260954/tools/bin/../lib/gcc/arm-none-eabi/10.3.1/../../../../arm-none-eabi/lib\libc_nano.a(lib_a-exit.o): in function `exit':
[build] exit.c:(.text.exit+0x34): undefined reference to `_exit'
[build] c:\st\stm32cubeide_1.11.2\stm32cubeide\plugins\com.st.stm32cube.ide.mcu.externaltools.gnu-tools-for-stm32.10.3-2021.10.win32_1.0.100.202210260954\tools\arm-none-eabi\bin\ld.exe: c:/st/stm32cubeide_1.11.2/stm32cubeide/plugins/com.st.stm32cube.ide.mcu.externaltools.gnu-tools-for-stm32.10.3-2021.10.win32_1.0.100.202210260954/tools/bin/../lib/gcc/arm-none-eabi/10.3.1/../../../../arm-none-eabi/lib/crt0.o: in function `_mainCRTStartup':
[build] (.text+0x110): undefined reference to `main'
[build] collect2.exe: error: ld returned 1 exit status
[build] [12/37] Building ASM object CMakeFiles/STM32F401Nucleo-VL6180X.dir/Core/Startup/startup_stm32f401retx.s.obj
[build] FAILED: CMakeFiles/STM32F401Nucleo-VL6180X.dir/Core/Startup/startup_stm32f401retx.s.obj 
[build] C:\ST\STM32CubeIDE_1.11.2\STM32CubeIDE\plugins\com.st.stm32cube.ide.mcu.externaltools.gnu-tools-for-stm32.10.3-2021.10.win32_1.0.100.202210260954\tools\bin\arm-none-eabi-gcc.exe -fdata-sections -ffunction-sections --specs=nano.specs -Wl,--gc-sections -x assembler-with-cpp -D" -D) -DDEBUG -D__weak=\"__attribute__ -Dweak  -g -g3 -mcpu=cortex-m4 -mfpu=fpv4-sp-d16 -mfloat-abi=hard -MD -MT CMakeFiles/STM32F401Nucleo-VL6180X.dir/Core/Startup/startup_stm32f401retx.s.obj -MF CMakeFiles\STM32F401Nucleo-VL6180X.dir\Core\Startup\startup_stm32f401retx.s.obj.d -o CMakeFiles/STM32F401Nucleo-VL6180X.dir/Core/Startup/startup_stm32f401retx.s.obj -c ../../../Core/Startup/startup_stm32f401retx.s
[build] arm-none-eabi-gcc.exe: warning: '-x assembler-with-cpp' after last input file has no effect
[build] c:\st\stm32cubeide_1.11.2\stm32cubeide\plugins\com.st.stm32cube.ide.mcu.externaltools.gnu-tools-for-stm32.10.3-2021.10.win32_1.0.100.202210260954\tools\arm-none-eabi\bin\ld.exe: c:/st/stm32cubeide_1.11.2/stm32cubeide/plugins/com.st.stm32cube.ide.mcu.externaltools.gnu-tools-for-stm32.10.3-2021.10.win32_1.0.100.202210260954/tools/bin/../lib/gcc/arm-none-eabi/10.3.1/../../../../arm-none-eabi/lib\libc_nano.a(lib_a-exit.o): in function `exit':
[build] exit.c:(.text.exit+0x34): undefined reference to `_exit'
[build] c:\st\stm32cubeide_1.11.2\stm32cubeide\plugins\com.st.stm32cube.ide.mcu.externaltools.gnu-tools-for-stm32.10.3-2021.10.win32_1.0.100.202210260954\tools\arm-none-eabi\bin\ld.exe: c:/st/stm32cubeide_1.11.2/stm32cubeide/plugins/com.st.stm32cube.ide.mcu.externaltools.gnu-tools-for-stm32.10.3-2021.10.win32_1.0.100.202210260954/tools/bin/../lib/gcc/arm-none-eabi/10.3.1/../../../../arm-none-eabi/lib/crt0.o: in function `_mainCRTStartup':
[build] (.text+0x110): undefined reference to `main'
[build] collect2.exe: error: ld returned 1 exit status
[build] [13/37] Building C object CMakeFiles/STM32F401Nucleo-VL6180X.dir/Drivers/BSP/vl53l0x/vl53l0x_platform_log.c.obj
[build] FAILED: CMakeFiles/STM32F401Nucleo-VL6180X.dir/Drivers/BSP/vl53l0x/vl53l0x_platform_log.c.obj 
[build] C:\ST\STM32CubeIDE_1.11.2\STM32CubeIDE\plugins\com.st.stm32cube.ide.mcu.externaltools.gnu-tools-for-stm32.10.3-2021.10.win32_1.0.100.202210260954\tools\bin\arm-none-eabi-gcc.exe -fdata-sections -ffunction-sections --specs=nano.specs -Wl,--gc-sections -D" -D) -DDEBUG -DSTM32F401xE -DTRACE_UART=1 -DUSE_HAL_DRIVER -DVL53L0A1_HAVE_UART=1 -DVL53L0X_LOG_ENABLE -DXNUCLEO53L0A1_TRACE=1 -D__packed=\"__attribute__((__packed__))\" -D__weak=\"__attribute__ -D__weak=\"__attribute__((weak))\" -Dweak -I../../../Core/Inc -I../../../Dependencies -I../../../Drivers/STM32F4xx_HAL_Driver/Inc -I../../../Drivers/STM32F4xx_HAL_Driver/Inc/Legacy -I../../../Drivers/CMSIS/Device/ST/STM32F4xx/Include -I../../../Drivers/CMSIS/Include -I../../../Drivers/BSP/X-NUCLEO-53L0A1 -I../../../Drivers/BSP/vl53l0x -g -g3 -mcpu=cortex-m4 -mfpu=fpv4-sp-d16 -mfloat-abi=hard -MD -MT CMakeFiles/STM32F401Nucleo-VL6180X.dir/Drivers/BSP/vl53l0x/vl53l0x_platform_log.c.obj -MF CMakeFiles\STM32F401Nucleo-VL6180X.dir\Drivers\BSP\vl53l0x\vl53l0x_platform_log.c.obj.d -o CMakeFiles/STM32F401Nucleo-VL6180X.dir/Drivers/BSP/vl53l0x/vl53l0x_platform_log.c.obj -c ../../../Drivers/BSP/vl53l0x/vl53l0x_platform_log.c
[build] c:\st\stm32cubeide_1.11.2\stm32cubeide\plugins\com.st.stm32cube.ide.mcu.externaltools.gnu-tools-for-stm32.10.3-2021.10.win32_1.0.100.202210260954\tools\arm-none-eabi\bin\ld.exe: c:/st/stm32cubeide_1.11.2/stm32cubeide/plugins/com.st.stm32cube.ide.mcu.externaltools.gnu-tools-for-stm32.10.3-2021.10.win32_1.0.100.202210260954/tools/bin/../lib/gcc/arm-none-eabi/10.3.1/../../../../arm-none-eabi/lib\libc_nano.a(lib_a-exit.o): in function `exit':
[build] exit.c:(.text.exit+0x34): undefined reference to `_exit'
[proc] The command: c:\Users\Jakub\AppData\Roaming\Code\User\globalStorage\ms-vscode.vscode-embedded-tools\vcpkg\root\downloads\artifacts\vcpkg-ce-default\tools.kitware.cmake\3.20.1\bin\cmake.EXE --build C:/Users/Jakub/Documents/vsc/STM32F401Nucleo-VL6180X/build/debug/build exited with code: 1
[build] c:\st\stm32cubeide_1.11.2\stm32cubeide\plugins\com.st.stm32cube.ide.mcu.externaltools.gnu-tools-for-stm32.10.3-2021.10.win32_1.0.100.202210260954\tools\arm-none-eabi\bin\ld.exe: c:/st/stm32cubeide_1.11.2/stm32cubeide/plugins/com.st.stm32cube.ide.mcu.externaltools.gnu-tools-for-stm32.10.3-2021.10.win32_1.0.100.202210260954/tools/bin/../lib/gcc/arm-none-eabi/10.3.1/../../../../arm-none-eabi/lib/crt0.o: in function `_mainCRTStartup':
[build] (.text+0x110): undefined reference to `main'
[build] collect2.exe: error: ld returned 1 exit status
[build] [14/37] Building C object CMakeFiles/STM32F401Nucleo-VL6180X.dir/Drivers/BSP/X-NUCLEO-53L0A1/uart_trace.c.obj
[build] FAILED: CMakeFiles/STM32F401Nucleo-VL6180X.dir/Drivers/BSP/X-NUCLEO-53L0A1/uart_trace.c.obj 
[build] C:\ST\STM32CubeIDE_1.11.2\STM32CubeIDE\plugins\com.st.stm32cube.ide.mcu.externaltools.gnu-tools-for-stm32.10.3-2021.10.win32_1.0.100.202210260954\tools\bin\arm-none-eabi-gcc.exe -fdata-sections -ffunction-sections --specs=nano.specs -Wl,--gc-sections -D" -D) -DDEBUG -DSTM32F401xE -DTRACE_UART=1 -DUSE_HAL_DRIVER -DVL53L0A1_HAVE_UART=1 -DVL53L0X_LOG_ENABLE -DXNUCLEO53L0A1_TRACE=1 -D__packed=\"__attribute__((__packed__))\" -D__weak=\"__attribute__ -D__weak=\"__attribute__((weak))\" -Dweak -I../../../Core/Inc -I../../../Dependencies -I../../../Drivers/STM32F4xx_HAL_Driver/Inc -I../../../Drivers/STM32F4xx_HAL_Driver/Inc/Legacy -I../../../Drivers/CMSIS/Device/ST/STM32F4xx/Include -I../../../Drivers/CMSIS/Include -I../../../Drivers/BSP/X-NUCLEO-53L0A1 -I../../../Drivers/BSP/vl53l0x -g -g3 -mcpu=cortex-m4 -mfpu=fpv4-sp-d16 -mfloat-abi=hard -MD -MT CMakeFiles/STM32F401Nucleo-VL6180X.dir/Drivers/BSP/X-NUCLEO-53L0A1/uart_trace.c.obj -MF CMakeFiles\STM32F401Nucleo-VL6180X.dir\Drivers\BSP\X-NUCLEO-53L0A1\uart_trace.c.obj.d -o CMakeFiles/STM32F401Nucleo-VL6180X.dir/Drivers/BSP/X-NUCLEO-53L0A1/uart_trace.c.obj -c ../../../Drivers/BSP/X-NUCLEO-53L0A1/uart_trace.c
[build] c:\st\stm32cubeide_1.11.2\stm32cubeide\plugins\com.st.stm32cube.ide.mcu.externaltools.gnu-tools-for-stm32.10.3-2021.10.win32_1.0.100.202210260954\tools\arm-none-eabi\bin\ld.exe: c:/st/stm32cubeide_1.11.2/stm32cubeide/plugins/com.st.stm32cube.ide.mcu.externaltools.gnu-tools-for-stm32.10.3-2021.10.win32_1.0.100.202210260954/tools/bin/../lib/gcc/arm-none-eabi/10.3.1/../../../../arm-none-eabi/lib\libc_nano.a(lib_a-exit.o): in function `exit':
[build] exit.c:(.text.exit+0x34): undefined reference to `_exit'
[build] c:\st\stm32cubeide_1.11.2\stm32cubeide\plugins\com.st.stm32cube.ide.mcu.externaltools.gnu-tools-for-stm32.10.3-2021.10.win32_1.0.100.202210260954\tools\arm-none-eabi\bin\ld.exe: c:/st/stm32cubeide_1.11.2/stm32cubeide/plugins/com.st.stm32cube.ide.mcu.externaltools.gnu-tools-for-stm32.10.3-2021.10.win32_1.0.100.202210260954/tools/bin/../lib/gcc/arm-none-eabi/10.3.1/../../../../arm-none-eabi/lib/crt0.o: in function `_mainCRTStartup':
[build] (.text+0x110): undefined reference to `main'
[build] collect2.exe: error: ld returned 1 exit status
[build] ninja: build stopped: subcommand failed.
[build] Build finished with exit code 1
